C:\USERS\11833\DESKTOP\EXAM\CODE\PDP_EXAM1_2\PDP_EXAM1_2\DEBUG\PDP_EXAM1_2.PCH
C:\USERS\11833\DESKTOP\EXAM\CODE\PDP_EXAM1_2\PDP_EXAM1_2\DEBUG\STDAFX.OBJ
C:\USERS\11833\DESKTOP\EXAM\CODE\PDP_EXAM1_2\PDP_EXAM1_2\DEBUG\VC110.PDB
C:\USERS\11833\DESKTOP\EXAM\CODE\PDP_EXAM1_2\PDP_EXAM1_2\DEBUG\AMUSEMENT.OBJ
C:\USERS\11833\DESKTOP\EXAM\CODE\PDP_EXAM1_2\PDP_EXAM1_2\DEBUG\CHART.OBJ
C:\USERS\11833\DESKTOP\EXAM\CODE\PDP_EXAM1_2\PDP_EXAM1_2\DEBUG\CLOTHING.OBJ
C:\USERS\11833\DESKTOP\EXAM\CODE\PDP_EXAM1_2\PDP_EXAM1_2\DEBUG\CONSUME.OBJ
C:\USERS\11833\DESKTOP\EXAM\CODE\PDP_EXAM1_2\PDP_EXAM1_2\DEBUG\DIET.OBJ
C:\USERS\11833\DESKTOP\EXAM\CODE\PDP_EXAM1_2\PDP_EXAM1_2\DEBUG\EDUCATION.OBJ
C:\USERS\11833\DESKTOP\EXAM\CODE\PDP_EXAM1_2\PDP_EXAM1_2\DEBUG\LOAN.OBJ
C:\USERS\11833\DESKTOP\EXAM\CODE\PDP_EXAM1_2\PDP_EXAM1_2\DEBUG\MAINFRM.OBJ
C:\USERS\11833\DESKTOP\EXAM\CODE\PDP_EXAM1_2\PDP_EXAM1_2\DEBUG\PDP_EXAM1_2.OBJ
C:\USERS\11833\DESKTOP\EXAM\CODE\PDP_EXAM1_2\PDP_EXAM1_2\DEBUG\PDP_EXAM1_2DOC.OBJ
C:\USERS\11833\DESKTOP\EXAM\CODE\PDP_EXAM1_2\PDP_EXAM1_2\DEBUG\PDP_EXAM1_2VIEW.OBJ
C:\USERS\11833\DESKTOP\EXAM\CODE\PDP_EXAM1_2\DEBUG\PDP_EXAM1_2.ILK
C:\USERS\11833\DESKTOP\EXAM\CODE\PDP_EXAM1_2\DEBUG\PDP_EXAM1_2.EXE
C:\USERS\11833\DESKTOP\EXAM\CODE\PDP_EXAM1_2\DEBUG\PDP_EXAM1_2.PDB
C:\USERS\11833\DESKTOP\EXAM\CODE\PDP_EXAM1_2\PDP_EXAM1_2\DEBUG\PDP_EXAM1_2.RES
C:\Users\11833\Desktop\exam\code\PDP_EXAM1_2\PDP_EXAM1_2\Debug\Amusement.obj
C:\Users\11833\Desktop\exam\code\PDP_EXAM1_2\PDP_EXAM1_2\Debug\Chart.obj
C:\Users\11833\Desktop\exam\code\PDP_EXAM1_2\PDP_EXAM1_2\Debug\Clothing.obj
C:\Users\11833\Desktop\exam\code\PDP_EXAM1_2\PDP_EXAM1_2\Debug\Consume.obj
C:\Users\11833\Desktop\exam\code\PDP_EXAM1_2\PDP_EXAM1_2\Debug\Diet.obj
C:\Users\11833\Desktop\exam\code\PDP_EXAM1_2\PDP_EXAM1_2\Debug\Education.obj
C:\Users\11833\Desktop\exam\code\PDP_EXAM1_2\PDP_EXAM1_2\Debug\Loan.obj
C:\Users\11833\Desktop\exam\code\PDP_EXAM1_2\PDP_EXAM1_2\Debug\MainFrm.obj
C:\Users\11833\Desktop\exam\code\PDP_EXAM1_2\PDP_EXAM1_2\Debug\PDP_EXAM1_2.obj
C:\Users\11833\Desktop\exam\code\PDP_EXAM1_2\PDP_EXAM1_2\Debug\PDP_EXAM1_2Doc.obj
C:\Users\11833\Desktop\exam\code\PDP_EXAM1_2\PDP_EXAM1_2\Debug\PDP_EXAM1_2View.obj
C:\Users\11833\Desktop\exam\code\PDP_EXAM1_2\PDP_EXAM1_2\Debug\stdafx.obj
C:\Users\11833\Desktop\exam\code\PDP_EXAM1_2\PDP_EXAM1_2\Debug\cl.command.1.tlog
C:\Users\11833\Desktop\exam\code\PDP_EXAM1_2\PDP_EXAM1_2\Debug\CL.read.1.tlog
C:\Users\11833\Desktop\exam\code\PDP_EXAM1_2\PDP_EXAM1_2\Debug\CL.write.1.tlog
C:\Users\11833\Desktop\exam\code\PDP_EXAM1_2\PDP_EXAM1_2\Debug\link-cvtres.read.1.tlog
C:\Users\11833\Desktop\exam\code\PDP_EXAM1_2\PDP_EXAM1_2\Debug\link-cvtres.write.1.tlog
C:\Users\11833\Desktop\exam\code\PDP_EXAM1_2\PDP_EXAM1_2\Debug\link-mt.read.1.tlog
C:\Users\11833\Desktop\exam\code\PDP_EXAM1_2\PDP_EXAM1_2\Debug\link-mt.write.1.tlog
C:\Users\11833\Desktop\exam\code\PDP_EXAM1_2\PDP_EXAM1_2\Debug\link-rc.read.1.tlog
C:\Users\11833\Desktop\exam\code\PDP_EXAM1_2\PDP_EXAM1_2\Debug\link-rc.write.1.tlog
C:\Users\11833\Desktop\exam\code\PDP_EXAM1_2\PDP_EXAM1_2\Debug\link.command.1.tlog
C:\Users\11833\Desktop\exam\code\PDP_EXAM1_2\PDP_EXAM1_2\Debug\link.read.1.tlog
C:\Users\11833\Desktop\exam\code\PDP_EXAM1_2\PDP_EXAM1_2\Debug\link.write.1.tlog
C:\Users\11833\Desktop\exam\code\PDP_EXAM1_2\PDP_EXAM1_2\Debug\rc.command.1.tlog
C:\Users\11833\Desktop\exam\code\PDP_EXAM1_2\PDP_EXAM1_2\Debug\rc.read.1.tlog
C:\Users\11833\Desktop\exam\code\PDP_EXAM1_2\PDP_EXAM1_2\Debug\rc.write.1.tlog
C:\Users\11833\Desktop\exam\code\PDP_EXAM1_2\PDP_EXAM1_2\Debug\PDP_EXAM1_2.res
C:\Users\11833\Desktop\exam\code\PDP_EXAM1_2\PDP_EXAM1_2\Debug\PDP_EXAM1_2.pch
C:\Users\11833\Desktop\exam\code\PDP_EXAM1_2\PDP_EXAM1_2\Debug\vc110.idb
C:\Users\11833\Desktop\exam\code\PDP_EXAM1_2\PDP_EXAM1_2\Debug\vc110.pdb
C:\Users\11833\Desktop\exam\code\PDP_EXAM1_2\Debug\PDP_EXAM1_2.pdb
C:\Users\11833\Desktop\exam\code\PDP_EXAM1_2\Debug\PDP_EXAM1_2.exe
C:\Users\11833\Desktop\exam\code\PDP_EXAM1_2\Debug\PDP_EXAM1_2.ilk
